# JRE version: Java(TM) SE Runtime Environment (8.0_281-b09) (build 1.8.0_281-b09)
# Java VM: Java HotSpot(TM) 64-Bit Server VM (25.281-b09 mixed mode windows-amd64 compressed oops)
Heap:
 PSYoungGen      total 424448K, used 136226K [0x00000000d6e00000, 0x0000000100000000, 0x0000000100000000)
  eden space 383488K, 35% used [0x00000000d6e00000,0x00000000df308a40,0x00000000ee480000)
  from space 40960K, 0% used [0x00000000ee480000,0x00000000ee480000,0x00000000f0c80000)
  to   space 55296K, 0% used [0x00000000fca00000,0x00000000fca00000,0x0000000100000000)
 ParOldGen       total 120832K, used 64728K [0x0000000084a00000, 0x000000008c000000, 0x00000000d6e00000)
  object space 120832K, 53% used [0x0000000084a00000,0x00000000889362d8,0x000000008c000000)
 Metaspace       used 21617K, capacity 22282K, committed 22528K, reserved 1069056K
  class space    used 3035K, capacity 3215K, committed 3328K, reserved 1048576K
GC Heap History (10 events):
Event: 1.930 GC heap before
{Heap before GC invocations=8 (full 0):
 PSYoungGen      total 137216K, used 137186K [0x00000000d6e00000, 0x00000000e8600000, 0x0000000100000000)
  eden space 124416K, 100% used [0x00000000d6e00000,0x00000000de780000,0x00000000de780000)
  from space 12800K, 99% used [0x00000000de780000,0x00000000df3f8b78,0x00000000df400000)
  to   space 18944K, 0% used [0x00000000e7380000,0x00000000e7380000,0x00000000e8600000)
 ParOldGen       total 84992K, used 21140K [0x0000000084a00000, 0x0000000089d00000, 0x00000000d6e00000)
  object space 84992K, 24% used [0x0000000084a00000,0x0000000085ea5390,0x0000000089d00000)
 Metaspace       used 6798K, capacity 6922K, committed 7040K, reserved 1056768K
  class space    used 731K, capacity 795K, committed 896K, reserved 1048576K
Event: 1.944 GC heap after
Heap after GC invocations=8 (full 0):
 PSYoungGen      total 263680K, used 18933K [0x00000000d6e00000, 0x00000000e8e00000, 0x0000000100000000)
  eden space 244736K, 0% used [0x00000000d6e00000,0x00000000d6e00000,0x00000000e5d00000)
  from space 18944K, 99% used [0x00000000e7380000,0x00000000e85fd7d8,0x00000000e8600000)
  to   space 23040K, 0% used [0x00000000e5d00000,0x00000000e5d00000,0x00000000e7380000)
 ParOldGen       total 84992K, used 23146K [0x0000000084a00000, 0x0000000089d00000, 0x00000000d6e00000)
  object space 84992K, 27% used [0x0000000084a00000,0x000000008609a878,0x0000000089d00000)
 Metaspace       used 6798K, capacity 6922K, committed 7040K, reserved 1056768K
  class space    used 731K, capacity 795K, committed 896K, reserved 1048576K
}
Event: 2.673 GC heap before
{Heap before GC invocations=9 (full 0):
 PSYoungGen      total 263680K, used 263669K [0x00000000d6e00000, 0x00000000e8e00000, 0x0000000100000000)
  eden space 244736K, 100% used [0x00000000d6e00000,0x00000000e5d00000,0x00000000e5d00000)
  from space 18944K, 99% used [0x00000000e7380000,0x00000000e85fd7d8,0x00000000e8600000)
  to   space 23040K, 0% used [0x00000000e5d00000,0x00000000e5d00000,0x00000000e7380000)
 ParOldGen       total 84992K, used 23146K [0x0000000084a00000, 0x0000000089d00000, 0x00000000d6e00000)
  object space 84992K, 27% used [0x0000000084a00000,0x000000008609a878,0x0000000089d00000)
 Metaspace       used 10031K, capacity 10218K, committed 10368K, reserved 1058816K
  class space    used 1334K, capacity 1403K, committed 1408K, reserved 1048576K
Event: 2.697 GC heap after
Heap after GC invocations=9 (full 0):
 PSYoungGen      total 267776K, used 23020K [0x00000000d6e00000, 0x00000000f2c80000, 0x0000000100000000)
  eden space 244736K, 0% used [0x00000000d6e00000,0x00000000d6e00000,0x00000000e5d00000)
  from space 23040K, 99% used [0x00000000e5d00000,0x00000000e737b020,0x00000000e7380000)
  to   space 32768K, 0% used [0x00000000f0c80000,0x00000000f0c80000,0x00000000f2c80000)
 ParOldGen       total 84992K, used 39370K [0x0000000084a00000, 0x0000000089d00000, 0x00000000d6e00000)
  object space 84992K, 46% used [0x0000000084a00000,0x0000000087072a58,0x0000000089d00000)
 Metaspace       used 10031K, capacity 10218K, committed 10368K, reserved 1058816K
  class space    used 1334K, capacity 1403K, committed 1408K, reserved 1048576K
}
Event: 3.483 GC heap before
{Heap before GC invocations=10 (full 0):
 PSYoungGen      total 267776K, used 267756K [0x00000000d6e00000, 0x00000000f2c80000, 0x0000000100000000)
  eden space 244736K, 100% used [0x00000000d6e00000,0x00000000e5d00000,0x00000000e5d00000)
  from space 23040K, 99% used [0x00000000e5d00000,0x00000000e737b020,0x00000000e7380000)
  to   space 32768K, 0% used [0x00000000f0c80000,0x00000000f0c80000,0x00000000f2c80000)
 ParOldGen       total 84992K, used 39370K [0x0000000084a00000, 0x0000000089d00000, 0x00000000d6e00000)
  object space 84992K, 46% used [0x0000000084a00000,0x0000000087072a58,0x0000000089d00000)
 Metaspace       used 13487K, capacity 13642K, committed 13952K, reserved 1060864K
  class space    used 2006K, capacity 2055K, committed 2176K, reserved 1048576K
Event: 3.521 GC heap after
Heap after GC invocations=10 (full 0):
 PSYoungGen      total 416256K, used 32762K [0x00000000d6e00000, 0x00000000f3c80000, 0x0000000100000000)
  eden space 383488K, 0% used [0x00000000d6e00000,0x00000000d6e00000,0x00000000ee480000)
  from space 32768K, 99% used [0x00000000f0c80000,0x00000000f2c7e858,0x00000000f2c80000)
  to   space 40960K, 0% used [0x00000000ee480000,0x00000000ee480000,0x00000000f0c80000)
 ParOldGen       total 84992K, used 47621K [0x0000000084a00000, 0x0000000089d00000, 0x00000000d6e00000)
  object space 84992K, 56% used [0x0000000084a00000,0x0000000087881618,0x0000000089d00000)
 Metaspace       used 13487K, capacity 13642K, committed 13952K, reserved 1060864K
  class space    used 2006K, capacity 2055K, committed 2176K, reserved 1048576K
}
Event: 4.337 GC heap before
{Heap before GC invocations=11 (full 0):
 PSYoungGen      total 416256K, used 416250K [0x00000000d6e00000, 0x00000000f3c80000, 0x0000000100000000)
  eden space 383488K, 100% used [0x00000000d6e00000,0x00000000ee480000,0x00000000ee480000)
  from space 32768K, 99% used [0x00000000f0c80000,0x00000000f2c7e858,0x00000000f2c80000)
  to   space 40960K, 0% used [0x00000000ee480000,0x00000000ee480000,0x00000000f0c80000)
 ParOldGen       total 84992K, used 47621K [0x0000000084a00000, 0x0000000089d00000, 0x00000000d6e00000)
  object space 84992K, 56% used [0x0000000084a00000,0x0000000087881618,0x0000000089d00000)
 Metaspace       used 13506K, capacity 13642K, committed 13952K, reserved 1060864K
  class space    used 2006K, capacity 2055K, committed 2176K, reserved 1048576K
Event: 4.442 GC heap after
Heap after GC invocations=11 (full 0):
 PSYoungGen      total 424448K, used 40929K [0x00000000d6e00000, 0x0000000100000000, 0x0000000100000000)
  eden space 383488K, 0% used [0x00000000d6e00000,0x00000000d6e00000,0x00000000ee480000)
  from space 40960K, 99% used [0x00000000ee480000,0x00000000f0c784e0,0x00000000f0c80000)
  to   space 55296K, 0% used [0x00000000fca00000,0x00000000fca00000,0x0000000100000000)
 ParOldGen       total 84992K, used 69079K [0x0000000084a00000, 0x0000000089d00000, 0x00000000d6e00000)
  object space 84992K, 81% used [0x0000000084a00000,0x0000000088d75ce8,0x0000000089d00000)
 Metaspace       used 13506K, capacity 13642K, committed 13952K, reserved 1060864K
  class space    used 2006K, capacity 2055K, committed 2176K, reserved 1048576K
}
Event: 4.442 GC heap before
{Heap before GC invocations=12 (full 1):
 PSYoungGen      total 424448K, used 40929K [0x00000000d6e00000, 0x0000000100000000, 0x0000000100000000)
  eden space 383488K, 0% used [0x00000000d6e00000,0x00000000d6e00000,0x00000000ee480000)
  from space 40960K, 99% used [0x00000000ee480000,0x00000000f0c784e0,0x00000000f0c80000)
  to   space 55296K, 0% used [0x00000000fca00000,0x00000000fca00000,0x0000000100000000)
 ParOldGen       total 84992K, used 69079K [0x0000000084a00000, 0x0000000089d00000, 0x00000000d6e00000)
  object space 84992K, 81% used [0x0000000084a00000,0x0000000088d75ce8,0x0000000089d00000)
 Metaspace       used 13506K, capacity 13642K, committed 13952K, reserved 1060864K
  class space    used 2006K, capacity 2055K, committed 2176K, reserved 1048576K
Event: 4.496 GC heap after
Heap after GC invocations=12 (full 1):
 PSYoungGen      total 424448K, used 0K [0x00000000d6e00000, 0x0000000100000000, 0x0000000100000000)
  eden space 383488K, 0% used [0x00000000d6e00000,0x00000000d6e00000,0x00000000ee480000)
  from space 40960K, 0% used [0x00000000ee480000,0x00000000ee480000,0x00000000f0c80000)
  to   space 55296K, 0% used [0x00000000fca00000,0x00000000fca00000,0x0000000100000000)
 ParOldGen       total 120832K, used 64728K [0x0000000084a00000, 0x000000008c000000, 0x00000000d6e00000)
  object space 120832K, 53% used [0x0000000084a00000,0x00000000889362d8,0x000000008c000000)
 Metaspace       used 13506K, capacity 13642K, committed 13952K, reserved 1060864K
  class space    used 2006K, capacity 2055K, committed 2176K, reserved 1048576K
}

