# JRE version: Java(TM) SE Runtime Environment (8.0_281-b09) (build 1.8.0_281-b09)
# Java VM: Java HotSpot(TM) 64-Bit Server VM (25.281-b09 mixed mode windows-amd64 compressed oops)
Heap:
 PSYoungGen      total 300032K, used 98371K [0x00000000d6e00000, 0x00000000f3b80000, 0x0000000100000000)
  eden space 249344K, 23% used [0x00000000d6e00000,0x00000000da664618,0x00000000e6180000)
  from space 50688K, 80% used [0x00000000f0a00000,0x00000000f31ac638,0x00000000f3b80000)
  to   space 26112K, 0% used [0x00000000e6180000,0x00000000e6180000,0x00000000e7b00000)
 ParOldGen       total 104448K, used 50818K [0x0000000084a00000, 0x000000008b000000, 0x00000000d6e00000)
  object space 104448K, 48% used [0x0000000084a00000,0x0000000087ba08b8,0x000000008b000000)
 Metaspace       used 21021K, capacity 21698K, committed 21888K, reserved 1069056K
  class space    used 2963K, capacity 3173K, committed 3200K, reserved 1048576K
GC Heap History (10 events):
Event: 2.310 GC heap before
{Heap before GC invocations=7 (full 0):
 PSYoungGen      total 270848K, used 270825K [0x00000000d6e00000, 0x00000000e9900000, 0x0000000100000000)
  eden space 249344K, 100% used [0x00000000d6e00000,0x00000000e6180000,0x00000000e6180000)
  from space 21504K, 99% used [0x00000000e7b00000,0x00000000e8ffa6b8,0x00000000e9000000)
  to   space 26112K, 0% used [0x00000000e6180000,0x00000000e6180000,0x00000000e7b00000)
 ParOldGen       total 84992K, used 30176K [0x0000000084a00000, 0x0000000089d00000, 0x00000000d6e00000)
  object space 84992K, 35% used [0x0000000084a00000,0x0000000086778340,0x0000000089d00000)
 Metaspace       used 6823K, capacity 6986K, committed 7296K, reserved 1056768K
  class space    used 731K, capacity 795K, committed 896K, reserved 1048576K
Event: 2.363 GC heap after
Heap after GC invocations=7 (full 0):
 PSYoungGen      total 275456K, used 26082K [0x00000000d6e00000, 0x00000000e9900000, 0x0000000100000000)
  eden space 249344K, 0% used [0x00000000d6e00000,0x00000000d6e00000,0x00000000e6180000)
  from space 26112K, 99% used [0x00000000e6180000,0x00000000e7af88f8,0x00000000e7b00000)
  to   space 21504K, 0% used [0x00000000e7b00000,0x00000000e7b00000,0x00000000e9000000)
 ParOldGen       total 84992K, used 46376K [0x0000000084a00000, 0x0000000089d00000, 0x00000000d6e00000)
  object space 84992K, 54% used [0x0000000084a00000,0x000000008774a300,0x0000000089d00000)
 Metaspace       used 6823K, capacity 6986K, committed 7296K, reserved 1056768K
  class space    used 731K, capacity 795K, committed 896K, reserved 1048576K
}
Event: 3.650 GC heap before
{Heap before GC invocations=8 (full 0):
 PSYoungGen      total 275456K, used 275426K [0x00000000d6e00000, 0x00000000e9900000, 0x0000000100000000)
  eden space 249344K, 100% used [0x00000000d6e00000,0x00000000e6180000,0x00000000e6180000)
  from space 26112K, 99% used [0x00000000e6180000,0x00000000e7af88f8,0x00000000e7b00000)
  to   space 21504K, 0% used [0x00000000e7b00000,0x00000000e7b00000,0x00000000e9000000)
 ParOldGen       total 84992K, used 46376K [0x0000000084a00000, 0x0000000089d00000, 0x00000000d6e00000)
  object space 84992K, 54% used [0x0000000084a00000,0x000000008774a300,0x0000000089d00000)
 Metaspace       used 13541K, capacity 13674K, committed 13952K, reserved 1060864K
  class space    used 2015K, capacity 2087K, committed 2176K, reserved 1048576K
Event: 3.675 GC heap after
Heap after GC invocations=8 (full 0):
 PSYoungGen      total 270848K, used 21472K [0x00000000d6e00000, 0x00000000e9900000, 0x0000000100000000)
  eden space 249344K, 0% used [0x00000000d6e00000,0x00000000d6e00000,0x00000000e6180000)
  from space 21504K, 99% used [0x00000000e7b00000,0x00000000e8ff8210,0x00000000e9000000)
  to   space 26112K, 0% used [0x00000000e6180000,0x00000000e6180000,0x00000000e7b00000)
 ParOldGen       total 84992K, used 65240K [0x0000000084a00000, 0x0000000089d00000, 0x00000000d6e00000)
  object space 84992K, 76% used [0x0000000084a00000,0x00000000889b62b8,0x0000000089d00000)
 Metaspace       used 13541K, capacity 13674K, committed 13952K, reserved 1060864K
  class space    used 2015K, capacity 2087K, committed 2176K, reserved 1048576K
}
Event: 3.675 GC heap before
{Heap before GC invocations=9 (full 1):
 PSYoungGen      total 270848K, used 21472K [0x00000000d6e00000, 0x00000000e9900000, 0x0000000100000000)
  eden space 249344K, 0% used [0x00000000d6e00000,0x00000000d6e00000,0x00000000e6180000)
  from space 21504K, 99% used [0x00000000e7b00000,0x00000000e8ff8210,0x00000000e9000000)
  to   space 26112K, 0% used [0x00000000e6180000,0x00000000e6180000,0x00000000e7b00000)
 ParOldGen       total 84992K, used 65240K [0x0000000084a00000, 0x0000000089d00000, 0x00000000d6e00000)
  object space 84992K, 76% used [0x0000000084a00000,0x00000000889b62b8,0x0000000089d00000)
 Metaspace       used 13541K, capacity 13674K, committed 13952K, reserved 1060864K
  class space    used 2015K, capacity 2087K, committed 2176K, reserved 1048576K
Event: 3.733 GC heap after
Heap after GC invocations=9 (full 1):
 PSYoungGen      total 270848K, used 0K [0x00000000d6e00000, 0x00000000e9900000, 0x0000000100000000)
  eden space 249344K, 0% used [0x00000000d6e00000,0x00000000d6e00000,0x00000000e6180000)
  from space 21504K, 0% used [0x00000000e7b00000,0x00000000e7b00000,0x00000000e9000000)
  to   space 26112K, 0% used [0x00000000e6180000,0x00000000e6180000,0x00000000e7b00000)
 ParOldGen       total 104448K, used 39891K [0x0000000084a00000, 0x000000008b000000, 0x00000000d6e00000)
  object space 104448K, 38% used [0x0000000084a00000,0x00000000870f4e48,0x000000008b000000)
 Metaspace       used 13541K, capacity 13674K, committed 13952K, reserved 1060864K
  class space    used 2015K, capacity 2087K, committed 2176K, reserved 1048576K
}
Event: 4.251 GC heap before
{Heap before GC invocations=10 (full 1):
 PSYoungGen      total 270848K, used 249344K [0x00000000d6e00000, 0x00000000e9900000, 0x0000000100000000)
  eden space 249344K, 100% used [0x00000000d6e00000,0x00000000e6180000,0x00000000e6180000)
  from space 21504K, 0% used [0x00000000e7b00000,0x00000000e7b00000,0x00000000e9000000)
  to   space 26112K, 0% used [0x00000000e6180000,0x00000000e6180000,0x00000000e7b00000)
 ParOldGen       total 104448K, used 39891K [0x0000000084a00000, 0x000000008b000000, 0x00000000d6e00000)
  object space 104448K, 38% used [0x0000000084a00000,0x00000000870f4e48,0x000000008b000000)
 Metaspace       used 13546K, capacity 13674K, committed 13952K, reserved 1060864K
  class space    used 2015K, capacity 2087K, committed 2176K, reserved 1048576K
Event: 4.350 GC heap after
Heap after GC invocations=10 (full 1):
 PSYoungGen      total 275456K, used 26098K [0x00000000d6e00000, 0x00000000f3b80000, 0x0000000100000000)
  eden space 249344K, 0% used [0x00000000d6e00000,0x00000000d6e00000,0x00000000e6180000)
  from space 26112K, 99% used [0x00000000e6180000,0x00000000e7afcb80,0x00000000e7b00000)
  to   space 50688K, 0% used [0x00000000f0a00000,0x00000000f0a00000,0x00000000f3b80000)
 ParOldGen       total 104448K, used 50818K [0x0000000084a00000, 0x000000008b000000, 0x00000000d6e00000)
  object space 104448K, 48% used [0x0000000084a00000,0x0000000087ba08b8,0x000000008b000000)
 Metaspace       used 13546K, capacity 13674K, committed 13952K, reserved 1060864K
  class space    used 2015K, capacity 2087K, committed 2176K, reserved 1048576K
}
Event: 4.805 GC heap before
{Heap before GC invocations=11 (full 1):
 PSYoungGen      total 275456K, used 275442K [0x00000000d6e00000, 0x00000000f3b80000, 0x0000000100000000)
  eden space 249344K, 100% used [0x00000000d6e00000,0x00000000e6180000,0x00000000e6180000)
  from space 26112K, 99% used [0x00000000e6180000,0x00000000e7afcb80,0x00000000e7b00000)
  to   space 50688K, 0% used [0x00000000f0a00000,0x00000000f0a00000,0x00000000f3b80000)
 ParOldGen       total 104448K, used 50818K [0x0000000084a00000, 0x000000008b000000, 0x00000000d6e00000)
  object space 104448K, 48% used [0x0000000084a00000,0x0000000087ba08b8,0x000000008b000000)
 Metaspace       used 13552K, capacity 13738K, committed 13952K, reserved 1060864K
  class space    used 2015K, capacity 2087K, committed 2176K, reserved 1048576K
Event: 4.872 GC heap after
Heap after GC invocations=11 (full 1):
 PSYoungGen      total 300032K, used 40625K [0x00000000d6e00000, 0x00000000f3b80000, 0x0000000100000000)
  eden space 249344K, 0% used [0x00000000d6e00000,0x00000000d6e00000,0x00000000e6180000)
  from space 50688K, 80% used [0x00000000f0a00000,0x00000000f31ac638,0x00000000f3b80000)
  to   space 26112K, 0% used [0x00000000e6180000,0x00000000e6180000,0x00000000e7b00000)
 ParOldGen       total 104448K, used 50818K [0x0000000084a00000, 0x000000008b000000, 0x00000000d6e00000)
  object space 104448K, 48% used [0x0000000084a00000,0x0000000087ba08b8,0x000000008b000000)
 Metaspace       used 13552K, capacity 13738K, committed 13952K, reserved 1060864K
  class space    used 2015K, capacity 2087K, committed 2176K, reserved 1048576K
}

