# JRE version: Java(TM) SE Runtime Environment (8.0_281-b09) (build 1.8.0_281-b09)
# Java VM: Java HotSpot(TM) 64-Bit Server VM (25.281-b09 mixed mode windows-amd64 compressed oops)
Heap:
 PSYoungGen      total 425472K, used 85717K [0x00000000d6e00000, 0x00000000f3e80000, 0x0000000100000000)
  eden space 384000K, 22% used [0x00000000d6e00000,0x00000000dc1b5470,0x00000000ee500000)
  from space 41472K, 0% used [0x00000000ee500000,0x00000000ee500000,0x00000000f0d80000)
  to   space 32768K, 0% used [0x00000000f0d80000,0x00000000f0d80000,0x00000000f2d80000)
 ParOldGen       total 121344K, used 64938K [0x0000000084a00000, 0x000000008c080000, 0x00000000d6e00000)
  object space 121344K, 53% used [0x0000000084a00000,0x000000008896ab60,0x000000008c080000)
 Metaspace       used 16624K, capacity 16826K, committed 17152K, reserved 1064960K
  class space    used 2366K, capacity 2457K, committed 2560K, reserved 1048576K
GC Heap History (10 events):
Event: 2.108 GC heap before
{Heap before GC invocations=8 (full 0):
 PSYoungGen      total 137728K, used 137726K [0x00000000d6e00000, 0x00000000e8700000, 0x0000000100000000)
  eden space 124416K, 100% used [0x00000000d6e00000,0x00000000de780000,0x00000000de780000)
  from space 13312K, 99% used [0x00000000de780000,0x00000000df47fb20,0x00000000df480000)
  to   space 19456K, 0% used [0x00000000e7400000,0x00000000e7400000,0x00000000e8700000)
 ParOldGen       total 84992K, used 20291K [0x0000000084a00000, 0x0000000089d00000, 0x00000000d6e00000)
  object space 84992K, 23% used [0x0000000084a00000,0x0000000085dd0d30,0x0000000089d00000)
 Metaspace       used 6791K, capacity 6922K, committed 7040K, reserved 1056768K
  class space    used 731K, capacity 795K, committed 896K, reserved 1048576K
Event: 2.122 GC heap after
Heap after GC invocations=8 (full 0):
 PSYoungGen      total 264704K, used 19447K [0x00000000d6e00000, 0x00000000e8e00000, 0x0000000100000000)
  eden space 245248K, 0% used [0x00000000d6e00000,0x00000000d6e00000,0x00000000e5d80000)
  from space 19456K, 99% used [0x00000000e7400000,0x00000000e86fddb8,0x00000000e8700000)
  to   space 23040K, 0% used [0x00000000e5d80000,0x00000000e5d80000,0x00000000e7400000)
 ParOldGen       total 84992K, used 21670K [0x0000000084a00000, 0x0000000089d00000, 0x00000000d6e00000)
  object space 84992K, 25% used [0x0000000084a00000,0x0000000085f29b08,0x0000000089d00000)
 Metaspace       used 6791K, capacity 6922K, committed 7040K, reserved 1056768K
  class space    used 731K, capacity 795K, committed 896K, reserved 1048576K
}
Event: 2.932 GC heap before
{Heap before GC invocations=9 (full 0):
 PSYoungGen      total 264704K, used 264695K [0x00000000d6e00000, 0x00000000e8e00000, 0x0000000100000000)
  eden space 245248K, 100% used [0x00000000d6e00000,0x00000000e5d80000,0x00000000e5d80000)
  from space 19456K, 99% used [0x00000000e7400000,0x00000000e86fddb8,0x00000000e8700000)
  to   space 23040K, 0% used [0x00000000e5d80000,0x00000000e5d80000,0x00000000e7400000)
 ParOldGen       total 84992K, used 21670K [0x0000000084a00000, 0x0000000089d00000, 0x00000000d6e00000)
  object space 84992K, 25% used [0x0000000084a00000,0x0000000085f29b08,0x0000000089d00000)
 Metaspace       used 10080K, capacity 10218K, committed 10368K, reserved 1058816K
  class space    used 1344K, capacity 1403K, committed 1408K, reserved 1048576K
Event: 2.959 GC heap after
Heap after GC invocations=9 (full 0):
 PSYoungGen      total 268288K, used 23037K [0x00000000d6e00000, 0x00000000f2d80000, 0x0000000100000000)
  eden space 245248K, 0% used [0x00000000d6e00000,0x00000000d6e00000,0x00000000e5d80000)
  from space 23040K, 99% used [0x00000000e5d80000,0x00000000e73ff440,0x00000000e7400000)
  to   space 32768K, 0% used [0x00000000f0d80000,0x00000000f0d80000,0x00000000f2d80000)
 ParOldGen       total 84992K, used 37862K [0x0000000084a00000, 0x0000000089d00000, 0x00000000d6e00000)
  object space 84992K, 44% used [0x0000000084a00000,0x0000000086ef9b68,0x0000000089d00000)
 Metaspace       used 10080K, capacity 10218K, committed 10368K, reserved 1058816K
  class space    used 1344K, capacity 1403K, committed 1408K, reserved 1048576K
}
Event: 3.847 GC heap before
{Heap before GC invocations=10 (full 0):
 PSYoungGen      total 268288K, used 268285K [0x00000000d6e00000, 0x00000000f2d80000, 0x0000000100000000)
  eden space 245248K, 100% used [0x00000000d6e00000,0x00000000e5d80000,0x00000000e5d80000)
  from space 23040K, 99% used [0x00000000e5d80000,0x00000000e73ff440,0x00000000e7400000)
  to   space 32768K, 0% used [0x00000000f0d80000,0x00000000f0d80000,0x00000000f2d80000)
 ParOldGen       total 84992K, used 37862K [0x0000000084a00000, 0x0000000089d00000, 0x00000000d6e00000)
  object space 84992K, 44% used [0x0000000084a00000,0x0000000086ef9b68,0x0000000089d00000)
 Metaspace       used 13492K, capacity 13642K, committed 13952K, reserved 1060864K
  class space    used 2006K, capacity 2055K, committed 2176K, reserved 1048576K
Event: 3.882 GC heap after
Heap after GC invocations=10 (full 0):
 PSYoungGen      total 416768K, used 32741K [0x00000000d6e00000, 0x00000000f3e80000, 0x0000000100000000)
  eden space 384000K, 0% used [0x00000000d6e00000,0x00000000d6e00000,0x00000000ee500000)
  from space 32768K, 99% used [0x00000000f0d80000,0x00000000f2d794d0,0x00000000f2d80000)
  to   space 41472K, 0% used [0x00000000ee500000,0x00000000ee500000,0x00000000f0d80000)
 ParOldGen       total 84992K, used 46750K [0x0000000084a00000, 0x0000000089d00000, 0x00000000d6e00000)
  object space 84992K, 55% used [0x0000000084a00000,0x00000000877a7a10,0x0000000089d00000)
 Metaspace       used 13492K, capacity 13642K, committed 13952K, reserved 1060864K
  class space    used 2006K, capacity 2055K, committed 2176K, reserved 1048576K
}
Event: 4.991 GC heap before
{Heap before GC invocations=11 (full 0):
 PSYoungGen      total 416768K, used 416741K [0x00000000d6e00000, 0x00000000f3e80000, 0x0000000100000000)
  eden space 384000K, 100% used [0x00000000d6e00000,0x00000000ee500000,0x00000000ee500000)
  from space 32768K, 99% used [0x00000000f0d80000,0x00000000f2d794d0,0x00000000f2d80000)
  to   space 41472K, 0% used [0x00000000ee500000,0x00000000ee500000,0x00000000f0d80000)
 ParOldGen       total 84992K, used 46750K [0x0000000084a00000, 0x0000000089d00000, 0x00000000d6e00000)
  object space 84992K, 55% used [0x0000000084a00000,0x00000000877a7a10,0x0000000089d00000)
 Metaspace       used 13511K, capacity 13706K, committed 13952K, reserved 1060864K
  class space    used 2006K, capacity 2055K, committed 2176K, reserved 1048576K
Event: 5.225 GC heap after
Heap after GC invocations=11 (full 0):
 PSYoungGen      total 425472K, used 41471K [0x00000000d6e00000, 0x00000000f3e80000, 0x0000000100000000)
  eden space 384000K, 0% used [0x00000000d6e00000,0x00000000d6e00000,0x00000000ee500000)
  from space 41472K, 99% used [0x00000000ee500000,0x00000000f0d7ffc8,0x00000000f0d80000)
  to   space 32768K, 0% used [0x00000000f0d80000,0x00000000f0d80000,0x00000000f2d80000)
 ParOldGen       total 84992K, used 68013K [0x0000000084a00000, 0x0000000089d00000, 0x00000000d6e00000)
  object space 84992K, 80% used [0x0000000084a00000,0x0000000088c6b5c8,0x0000000089d00000)
 Metaspace       used 13511K, capacity 13706K, committed 13952K, reserved 1060864K
  class space    used 2006K, capacity 2055K, committed 2176K, reserved 1048576K
}
Event: 5.225 GC heap before
{Heap before GC invocations=12 (full 1):
 PSYoungGen      total 425472K, used 41471K [0x00000000d6e00000, 0x00000000f3e80000, 0x0000000100000000)
  eden space 384000K, 0% used [0x00000000d6e00000,0x00000000d6e00000,0x00000000ee500000)
  from space 41472K, 99% used [0x00000000ee500000,0x00000000f0d7ffc8,0x00000000f0d80000)
  to   space 32768K, 0% used [0x00000000f0d80000,0x00000000f0d80000,0x00000000f2d80000)
 ParOldGen       total 84992K, used 68013K [0x0000000084a00000, 0x0000000089d00000, 0x00000000d6e00000)
  object space 84992K, 80% used [0x0000000084a00000,0x0000000088c6b5c8,0x0000000089d00000)
 Metaspace       used 13511K, capacity 13706K, committed 13952K, reserved 1060864K
  class space    used 2006K, capacity 2055K, committed 2176K, reserved 1048576K
Event: 5.311 GC heap after
Heap after GC invocations=12 (full 1):
 PSYoungGen      total 425472K, used 0K [0x00000000d6e00000, 0x00000000f3e80000, 0x0000000100000000)
  eden space 384000K, 0% used [0x00000000d6e00000,0x00000000d6e00000,0x00000000ee500000)
  from space 41472K, 0% used [0x00000000ee500000,0x00000000ee500000,0x00000000f0d80000)
  to   space 32768K, 0% used [0x00000000f0d80000,0x00000000f0d80000,0x00000000f2d80000)
 ParOldGen       total 121344K, used 64938K [0x0000000084a00000, 0x000000008c080000, 0x00000000d6e00000)
  object space 121344K, 53% used [0x0000000084a00000,0x000000008896ab60,0x000000008c080000)
 Metaspace       used 13511K, capacity 13706K, committed 13952K, reserved 1060864K
  class space    used 2006K, capacity 2055K, committed 2176K, reserved 1048576K
}

