# JRE version: Java(TM) SE Runtime Environment (8.0_281-b09) (build 1.8.0_281-b09)
# Java VM: Java HotSpot(TM) 64-Bit Server VM (25.281-b09 mixed mode windows-amd64 compressed oops)
Heap:
 PSYoungGen      total 424448K, used 136215K [0x00000000d6e00000, 0x00000000f3b80000, 0x0000000100000000)
  eden space 384000K, 35% used [0x00000000d6e00000,0x00000000df305c50,0x00000000ee500000)
  from space 40448K, 0% used [0x00000000ee500000,0x00000000ee500000,0x00000000f0c80000)
  to   space 32768K, 0% used [0x00000000f0c80000,0x00000000f0c80000,0x00000000f2c80000)
 ParOldGen       total 122368K, used 65258K [0x0000000084a00000, 0x000000008c180000, 0x00000000d6e00000)
  object space 122368K, 53% used [0x0000000084a00000,0x00000000889ba968,0x000000008c180000)
 Metaspace       used 21625K, capacity 22282K, committed 22528K, reserved 1069056K
  class space    used 3038K, capacity 3215K, committed 3328K, reserved 1048576K
GC Heap History (10 events):
Event: 1.954 GC heap before
{Heap before GC invocations=8 (full 0):
 PSYoungGen      total 137216K, used 137199K [0x00000000d6e00000, 0x00000000e8600000, 0x0000000100000000)
  eden space 124416K, 100% used [0x00000000d6e00000,0x00000000de780000,0x00000000de780000)
  from space 12800K, 99% used [0x00000000de780000,0x00000000df3fbec8,0x00000000df400000)
  to   space 18944K, 0% used [0x00000000e7380000,0x00000000e7380000,0x00000000e8600000)
 ParOldGen       total 84992K, used 21013K [0x0000000084a00000, 0x0000000089d00000, 0x00000000d6e00000)
  object space 84992K, 24% used [0x0000000084a00000,0x0000000085e85668,0x0000000089d00000)
 Metaspace       used 6822K, capacity 6986K, committed 7296K, reserved 1056768K
  class space    used 731K, capacity 795K, committed 896K, reserved 1048576K
Event: 1.967 GC heap after
Heap after GC invocations=8 (full 0):
 PSYoungGen      total 263680K, used 18923K [0x00000000d6e00000, 0x00000000e8e00000, 0x0000000100000000)
  eden space 244736K, 0% used [0x00000000d6e00000,0x00000000d6e00000,0x00000000e5d00000)
  from space 18944K, 99% used [0x00000000e7380000,0x00000000e85fac08,0x00000000e8600000)
  to   space 23040K, 0% used [0x00000000e5d00000,0x00000000e5d00000,0x00000000e7380000)
 ParOldGen       total 84992K, used 23098K [0x0000000084a00000, 0x0000000089d00000, 0x00000000d6e00000)
  object space 84992K, 27% used [0x0000000084a00000,0x000000008608eb68,0x0000000089d00000)
 Metaspace       used 6822K, capacity 6986K, committed 7296K, reserved 1056768K
  class space    used 731K, capacity 795K, committed 896K, reserved 1048576K
}
Event: 2.759 GC heap before
{Heap before GC invocations=9 (full 0):
 PSYoungGen      total 263680K, used 263659K [0x00000000d6e00000, 0x00000000e8e00000, 0x0000000100000000)
  eden space 244736K, 100% used [0x00000000d6e00000,0x00000000e5d00000,0x00000000e5d00000)
  from space 18944K, 99% used [0x00000000e7380000,0x00000000e85fac08,0x00000000e8600000)
  to   space 23040K, 0% used [0x00000000e5d00000,0x00000000e5d00000,0x00000000e7380000)
 ParOldGen       total 84992K, used 23098K [0x0000000084a00000, 0x0000000089d00000, 0x00000000d6e00000)
  object space 84992K, 27% used [0x0000000084a00000,0x000000008608eb68,0x0000000089d00000)
 Metaspace       used 9390K, capacity 9546K, committed 9728K, reserved 1058816K
  class space    used 1197K, capacity 1243K, committed 1280K, reserved 1048576K
Event: 2.802 GC heap after
Heap after GC invocations=9 (full 0):
 PSYoungGen      total 267776K, used 23038K [0x00000000d6e00000, 0x00000000f2c80000, 0x0000000100000000)
  eden space 244736K, 0% used [0x00000000d6e00000,0x00000000d6e00000,0x00000000e5d00000)
  from space 23040K, 99% used [0x00000000e5d00000,0x00000000e737f8e8,0x00000000e7380000)
  to   space 32768K, 0% used [0x00000000f0c80000,0x00000000f0c80000,0x00000000f2c80000)
 ParOldGen       total 84992K, used 38512K [0x0000000084a00000, 0x0000000089d00000, 0x00000000d6e00000)
  object space 84992K, 45% used [0x0000000084a00000,0x0000000086f9c090,0x0000000089d00000)
 Metaspace       used 9390K, capacity 9546K, committed 9728K, reserved 1058816K
  class space    used 1197K, capacity 1243K, committed 1280K, reserved 1048576K
}
Event: 3.829 GC heap before
{Heap before GC invocations=10 (full 0):
 PSYoungGen      total 267776K, used 267774K [0x00000000d6e00000, 0x00000000f2c80000, 0x0000000100000000)
  eden space 244736K, 100% used [0x00000000d6e00000,0x00000000e5d00000,0x00000000e5d00000)
  from space 23040K, 99% used [0x00000000e5d00000,0x00000000e737f8e8,0x00000000e7380000)
  to   space 32768K, 0% used [0x00000000f0c80000,0x00000000f0c80000,0x00000000f2c80000)
 ParOldGen       total 84992K, used 38512K [0x0000000084a00000, 0x0000000089d00000, 0x00000000d6e00000)
  object space 84992K, 45% used [0x0000000084a00000,0x0000000086f9c090,0x0000000089d00000)
 Metaspace       used 13499K, capacity 13642K, committed 13952K, reserved 1060864K
  class space    used 2006K, capacity 2055K, committed 2176K, reserved 1048576K
Event: 3.875 GC heap after
Heap after GC invocations=10 (full 0):
 PSYoungGen      total 416768K, used 32742K [0x00000000d6e00000, 0x00000000f3b80000, 0x0000000100000000)
  eden space 384000K, 0% used [0x00000000d6e00000,0x00000000d6e00000,0x00000000ee500000)
  from space 32768K, 99% used [0x00000000f0c80000,0x00000000f2c79b88,0x00000000f2c80000)
  to   space 40448K, 0% used [0x00000000ee500000,0x00000000ee500000,0x00000000f0c80000)
 ParOldGen       total 84992K, used 46610K [0x0000000084a00000, 0x0000000089d00000, 0x00000000d6e00000)
  object space 84992K, 54% used [0x0000000084a00000,0x00000000877849c0,0x0000000089d00000)
 Metaspace       used 13499K, capacity 13642K, committed 13952K, reserved 1060864K
  class space    used 2006K, capacity 2055K, committed 2176K, reserved 1048576K
}
Event: 4.628 GC heap before
{Heap before GC invocations=11 (full 0):
 PSYoungGen      total 416768K, used 416742K [0x00000000d6e00000, 0x00000000f3b80000, 0x0000000100000000)
  eden space 384000K, 100% used [0x00000000d6e00000,0x00000000ee500000,0x00000000ee500000)
  from space 32768K, 99% used [0x00000000f0c80000,0x00000000f2c79b88,0x00000000f2c80000)
  to   space 40448K, 0% used [0x00000000ee500000,0x00000000ee500000,0x00000000f0c80000)
 ParOldGen       total 84992K, used 46610K [0x0000000084a00000, 0x0000000089d00000, 0x00000000d6e00000)
  object space 84992K, 54% used [0x0000000084a00000,0x00000000877849c0,0x0000000089d00000)
 Metaspace       used 13518K, capacity 13706K, committed 13952K, reserved 1060864K
  class space    used 2006K, capacity 2055K, committed 2176K, reserved 1048576K
Event: 4.886 GC heap after
Heap after GC invocations=11 (full 0):
 PSYoungGen      total 424448K, used 40446K [0x00000000d6e00000, 0x00000000f3b80000, 0x0000000100000000)
  eden space 384000K, 0% used [0x00000000d6e00000,0x00000000d6e00000,0x00000000ee500000)
  from space 40448K, 99% used [0x00000000ee500000,0x00000000f0c7f810,0x00000000f0c80000)
  to   space 32768K, 0% used [0x00000000f0c80000,0x00000000f0c80000,0x00000000f2c80000)
 ParOldGen       total 84992K, used 69164K [0x0000000084a00000, 0x0000000089d00000, 0x00000000d6e00000)
  object space 84992K, 81% used [0x0000000084a00000,0x0000000088d8b260,0x0000000089d00000)
 Metaspace       used 13518K, capacity 13706K, committed 13952K, reserved 1060864K
  class space    used 2006K, capacity 2055K, committed 2176K, reserved 1048576K
}
Event: 4.887 GC heap before
{Heap before GC invocations=12 (full 1):
 PSYoungGen      total 424448K, used 40446K [0x00000000d6e00000, 0x00000000f3b80000, 0x0000000100000000)
  eden space 384000K, 0% used [0x00000000d6e00000,0x00000000d6e00000,0x00000000ee500000)
  from space 40448K, 99% used [0x00000000ee500000,0x00000000f0c7f810,0x00000000f0c80000)
  to   space 32768K, 0% used [0x00000000f0c80000,0x00000000f0c80000,0x00000000f2c80000)
 ParOldGen       total 84992K, used 69164K [0x0000000084a00000, 0x0000000089d00000, 0x00000000d6e00000)
  object space 84992K, 81% used [0x0000000084a00000,0x0000000088d8b260,0x0000000089d00000)
 Metaspace       used 13518K, capacity 13706K, committed 13952K, reserved 1060864K
  class space    used 2006K, capacity 2055K, committed 2176K, reserved 1048576K
Event: 5.007 GC heap after
Heap after GC invocations=12 (full 1):
 PSYoungGen      total 424448K, used 0K [0x00000000d6e00000, 0x00000000f3b80000, 0x0000000100000000)
  eden space 384000K, 0% used [0x00000000d6e00000,0x00000000d6e00000,0x00000000ee500000)
  from space 40448K, 0% used [0x00000000ee500000,0x00000000ee500000,0x00000000f0c80000)
  to   space 32768K, 0% used [0x00000000f0c80000,0x00000000f0c80000,0x00000000f2c80000)
 ParOldGen       total 122368K, used 65258K [0x0000000084a00000, 0x000000008c180000, 0x00000000d6e00000)
  object space 122368K, 53% used [0x0000000084a00000,0x00000000889ba968,0x000000008c180000)
 Metaspace       used 13518K, capacity 13706K, committed 13952K, reserved 1060864K
  class space    used 2006K, capacity 2055K, committed 2176K, reserved 1048576K
}

